-------------------------------------------------------------------------------
Test set: hello.HomePageTest
-------------------------------------------------------------------------------
Tests run: 3, Failures: 1, Errors: 0, Skipped: 0, Time elapsed: 2.945 s <<< FAILURE! - in hello.HomePageTest
getHomePage_BootstrapLoaded(hello.HomePageTest)  Time elapsed: 0.309 s  <<< FAILURE!
java.lang.AssertionError: Status expected:<200> but was:<302>
	at hello.HomePageTest.getHomePage_BootstrapLoaded(HomePageTest.java:43)

